mode: set
url-short/cmd/main.go:25.13,26.29 1 0
url-short/cmd/main.go:26.29,27.13 1 0
url-short/cmd/main.go:31.18,33.16 2 0
url-short/cmd/main.go:33.16,35.3 1 0
url-short/cmd/main.go:37.2,43.16 5 0
url-short/cmd/main.go:43.16,45.3 1 0
url-short/cmd/main.go:47.2,66.45 10 0
url-short/cmd/main.go:66.45,68.3 1 0
url-short/cmd/main.go:71.2,73.11 2 0
url-short/cmd/main.go:73.11,84.3 7 0
url-short/cmd/main.go:86.2,86.12 1 0
url-short/cmd/main.go:90.43,93.14 2 0
url-short/cmd/main.go:94.13,95.95 1 0
url-short/cmd/main.go:96.11,97.94 1 0
url-short/cmd/main.go:98.10,99.94 1 0
url-short/cmd/main.go:101.2,101.12 1 0
url-short/internal/lib/logger/sl/sl.go:6.30,11.2 1 0
url-short/internal/repo/pgRepo/urlRepo.go:16.32,20.2 1 0
url-short/internal/repo/pgRepo/urlRepo.go:23.77,25.16 2 0
url-short/internal/repo/pgRepo/urlRepo.go:25.16,26.45 1 0
url-short/internal/repo/pgRepo/urlRepo.go:26.45,27.42 1 0
url-short/internal/repo/pgRepo/urlRepo.go:27.42,29.5 1 0
url-short/internal/repo/pgRepo/urlRepo.go:31.3,32.50 2 0
url-short/internal/repo/pgRepo/urlRepo.go:34.2,34.12 1 0
url-short/internal/repo/pgRepo/urlRepo.go:38.79,43.16 3 0
url-short/internal/repo/pgRepo/urlRepo.go:43.16,45.3 1 0
url-short/internal/repo/pgRepo/urlRepo.go:47.2,47.20 1 0
url-short/internal/config/config.go:24.30,27.22 2 0
url-short/internal/config/config.go:27.22,29.3 1 0
url-short/internal/config/config.go:31.2,33.62 2 0
url-short/internal/config/config.go:33.62,35.3 1 0
url-short/internal/config/config.go:37.2,37.18 1 0
url-short/internal/service/mocks/UrlRepository.go:17.86,20.19 2 0
url-short/internal/service/mocks/UrlRepository.go:20.19,21.48 1 0
url-short/internal/service/mocks/UrlRepository.go:24.2,25.76 2 0
url-short/internal/service/mocks/UrlRepository.go:25.76,27.3 1 0
url-short/internal/service/mocks/UrlRepository.go:27.8,29.3 1 0
url-short/internal/service/mocks/UrlRepository.go:31.2,31.11 1 0
url-short/internal/service/mocks/UrlRepository.go:35.88,38.19 2 0
url-short/internal/service/mocks/UrlRepository.go:38.19,39.52 1 0
url-short/internal/service/mocks/UrlRepository.go:42.2,44.78 3 0
url-short/internal/service/mocks/UrlRepository.go:44.78,46.3 1 0
url-short/internal/service/mocks/UrlRepository.go:47.2,47.69 1 0
url-short/internal/service/mocks/UrlRepository.go:47.69,49.3 1 0
url-short/internal/service/mocks/UrlRepository.go:49.8,51.3 1 0
url-short/internal/service/mocks/UrlRepository.go:53.2,53.68 1 0
url-short/internal/service/mocks/UrlRepository.go:53.68,55.3 1 0
url-short/internal/service/mocks/UrlRepository.go:55.8,57.3 1 0
url-short/internal/service/mocks/UrlRepository.go:59.2,59.15 1 0
url-short/internal/service/mocks/UrlRepository.go:67.19,71.19 3 0
url-short/internal/service/mocks/UrlRepository.go:71.19,71.49 1 0
url-short/internal/service/mocks/UrlRepository.go:73.2,73.13 1 0
url-short/internal/lib/randomAlias/randomAlias.go:8.44,14.24 4 1
url-short/internal/lib/randomAlias/randomAlias.go:14.24,16.3 1 1
url-short/internal/lib/randomAlias/randomAlias.go:18.2,18.23 1 1
url-short/pkg/pg/pg.go:15.38,17.15 1 0
url-short/pkg/pg/pg.go:17.15,19.3 1 0
url-short/pkg/pg/pg.go:21.2,22.16 2 0
url-short/pkg/pg/pg.go:22.16,24.3 1 0
url-short/pkg/pg/pg.go:27.2,29.8 1 0
url-short/internal/transport/http_server/mocks/UrlService.go:17.93,20.19 2 0
url-short/internal/transport/http_server/mocks/UrlService.go:20.19,21.48 1 0
url-short/internal/transport/http_server/mocks/UrlService.go:24.2,26.86 3 0
url-short/internal/transport/http_server/mocks/UrlService.go:26.86,28.3 1 0
url-short/internal/transport/http_server/mocks/UrlService.go:29.2,29.77 1 0
url-short/internal/transport/http_server/mocks/UrlService.go:29.77,31.3 1 0
url-short/internal/transport/http_server/mocks/UrlService.go:31.8,33.3 1 0
url-short/internal/transport/http_server/mocks/UrlService.go:35.2,35.76 1 0
url-short/internal/transport/http_server/mocks/UrlService.go:35.76,37.3 1 0
url-short/internal/transport/http_server/mocks/UrlService.go:37.8,39.3 1 0
url-short/internal/transport/http_server/mocks/UrlService.go:41.2,41.15 1 0
url-short/internal/transport/http_server/mocks/UrlService.go:45.81,48.19 2 0
url-short/internal/transport/http_server/mocks/UrlService.go:48.19,49.48 1 0
url-short/internal/transport/http_server/mocks/UrlService.go:52.2,54.78 3 0
url-short/internal/transport/http_server/mocks/UrlService.go:54.78,56.3 1 0
url-short/internal/transport/http_server/mocks/UrlService.go:57.2,57.69 1 0
url-short/internal/transport/http_server/mocks/UrlService.go:57.69,59.3 1 0
url-short/internal/transport/http_server/mocks/UrlService.go:59.8,61.3 1 0
url-short/internal/transport/http_server/mocks/UrlService.go:63.2,63.68 1 0
url-short/internal/transport/http_server/mocks/UrlService.go:63.68,65.3 1 0
url-short/internal/transport/http_server/mocks/UrlService.go:65.8,67.3 1 0
url-short/internal/transport/http_server/mocks/UrlService.go:69.2,69.15 1 0
url-short/internal/transport/http_server/mocks/UrlService.go:77.16,81.19 3 0
url-short/internal/transport/http_server/mocks/UrlService.go:81.19,81.49 1 0
url-short/internal/transport/http_server/mocks/UrlService.go:83.2,83.13 1 0
url-short/internal/lib/logger/sl/sl.go:6.30,11.2 1 1
url-short/internal/service/urlService.go:21.60,26.2 1 0
url-short/internal/service/urlService.go:28.91,35.17 5 1
url-short/internal/service/urlService.go:35.17,37.3 1 1
url-short/internal/service/urlService.go:39.2,43.16 3 1
url-short/internal/service/urlService.go:43.16,46.3 2 1
url-short/internal/service/urlService.go:48.2,50.22 2 1
url-short/internal/service/urlService.go:53.79,62.16 4 1
url-short/internal/service/urlService.go:62.16,65.3 2 1
url-short/internal/service/urlService.go:67.2,67.17 1 1
url-short/internal/service/mocks/UrlRepository.go:17.86,20.19 2 1
url-short/internal/service/mocks/UrlRepository.go:20.19,21.48 1 0
url-short/internal/service/mocks/UrlRepository.go:24.2,25.76 2 1
url-short/internal/service/mocks/UrlRepository.go:25.76,27.3 1 0
url-short/internal/service/mocks/UrlRepository.go:27.8,29.3 1 1
url-short/internal/service/mocks/UrlRepository.go:31.2,31.11 1 1
url-short/internal/service/mocks/UrlRepository.go:35.88,38.19 2 1
url-short/internal/service/mocks/UrlRepository.go:38.19,39.52 1 0
url-short/internal/service/mocks/UrlRepository.go:42.2,44.78 3 1
url-short/internal/service/mocks/UrlRepository.go:44.78,46.3 1 0
url-short/internal/service/mocks/UrlRepository.go:47.2,47.69 1 1
url-short/internal/service/mocks/UrlRepository.go:47.69,49.3 1 0
url-short/internal/service/mocks/UrlRepository.go:49.8,51.3 1 1
url-short/internal/service/mocks/UrlRepository.go:53.2,53.68 1 1
url-short/internal/service/mocks/UrlRepository.go:53.68,55.3 1 0
url-short/internal/service/mocks/UrlRepository.go:55.8,57.3 1 1
url-short/internal/service/mocks/UrlRepository.go:59.2,59.15 1 1
url-short/internal/service/mocks/UrlRepository.go:67.19,71.19 3 0
url-short/internal/service/mocks/UrlRepository.go:71.19,71.49 1 0
url-short/internal/service/mocks/UrlRepository.go:73.2,73.13 1 0
url-short/internal/transport/http_server/response.go:19.85,27.2 2 1
url-short/internal/transport/http_server/response.go:30.67,33.2 2 1
url-short/internal/transport/http_server/server.go:14.44,18.2 1 0
url-short/internal/transport/http_server/url_handler.go:11.68,14.64 2 1
url-short/internal/transport/http_server/url_handler.go:14.64,17.3 2 0
url-short/internal/transport/http_server/url_handler.go:19.2,21.44 2 1
url-short/internal/transport/http_server/url_handler.go:21.44,25.3 3 1
url-short/internal/transport/http_server/url_handler.go:27.2,28.16 2 1
url-short/internal/transport/http_server/url_handler.go:28.16,31.3 2 1
url-short/internal/transport/http_server/url_handler.go:33.2,36.10 1 1
url-short/internal/transport/http_server/url_handler.go:39.77,43.17 3 0
url-short/internal/transport/http_server/url_handler.go:43.17,46.3 2 0
url-short/internal/transport/http_server/url_handler.go:48.2,49.16 2 0
url-short/internal/transport/http_server/url_handler.go:49.16,52.3 2 0
url-short/internal/transport/http_server/url_handler.go:54.2,54.53 1 0
url-short/internal/transport/http_server/validator.go:9.40,13.16 3 1
url-short/internal/transport/http_server/validator.go:13.16,19.3 3 1
url-short/internal/transport/http_server/validator.go:21.2,21.12 1 1
url-short/internal/transport/http_server/validator.go:24.57,27.27 2 1
url-short/internal/transport/http_server/validator.go:27.27,28.22 1 1
url-short/internal/transport/http_server/validator.go:29.14,31.9 2 1
url-short/internal/transport/http_server/validator.go:32.19,34.9 2 1
url-short/internal/transport/http_server/validator.go:35.11,37.9 2 0
url-short/internal/transport/http_server/validator.go:41.2,41.12 1 1
url-short/internal/transport/http_server/mocks/UrlService.go:17.93,20.19 2 1
url-short/internal/transport/http_server/mocks/UrlService.go:20.19,21.48 1 0
url-short/internal/transport/http_server/mocks/UrlService.go:24.2,26.86 3 1
url-short/internal/transport/http_server/mocks/UrlService.go:26.86,28.3 1 0
url-short/internal/transport/http_server/mocks/UrlService.go:29.2,29.77 1 1
url-short/internal/transport/http_server/mocks/UrlService.go:29.77,31.3 1 0
url-short/internal/transport/http_server/mocks/UrlService.go:31.8,33.3 1 1
url-short/internal/transport/http_server/mocks/UrlService.go:35.2,35.76 1 1
url-short/internal/transport/http_server/mocks/UrlService.go:35.76,37.3 1 0
url-short/internal/transport/http_server/mocks/UrlService.go:37.8,39.3 1 1
url-short/internal/transport/http_server/mocks/UrlService.go:41.2,41.15 1 1
url-short/internal/transport/http_server/mocks/UrlService.go:45.81,48.19 2 0
url-short/internal/transport/http_server/mocks/UrlService.go:48.19,49.48 1 0
url-short/internal/transport/http_server/mocks/UrlService.go:52.2,54.78 3 0
url-short/internal/transport/http_server/mocks/UrlService.go:54.78,56.3 1 0
url-short/internal/transport/http_server/mocks/UrlService.go:57.2,57.69 1 0
url-short/internal/transport/http_server/mocks/UrlService.go:57.69,59.3 1 0
url-short/internal/transport/http_server/mocks/UrlService.go:59.8,61.3 1 0
url-short/internal/transport/http_server/mocks/UrlService.go:63.2,63.68 1 0
url-short/internal/transport/http_server/mocks/UrlService.go:63.68,65.3 1 0
url-short/internal/transport/http_server/mocks/UrlService.go:65.8,67.3 1 0
url-short/internal/transport/http_server/mocks/UrlService.go:69.2,69.15 1 0
url-short/internal/transport/http_server/mocks/UrlService.go:77.16,81.19 3 0
url-short/internal/transport/http_server/mocks/UrlService.go:81.19,81.49 1 0
url-short/internal/transport/http_server/mocks/UrlService.go:83.2,83.13 1 0
